# JRE version: OpenJDK Runtime Environment GraalVM CE 22.3.0 (17.0.5+8) (build 17.0.5+8-jvmci-22.3-b08)
# Java VM: OpenJDK 64-Bit Server VM GraalVM CE 22.3.0 (17.0.5+8-jvmci-22.3-b08, mixed mode, sharing, tiered, jvmci, jvmci compiler, compressed oops, compressed class ptrs, parallel gc, linux-amd64)
GC Precious Log:
 CPUs: 8 total, 1 available
 Memory: 1024M
 Large Page Support: Disabled
 NUMA Support: Disabled
 Compressed Oops: Enabled (32-bit)
 Alignments: Space 512K, Generation 512K, Heap 2M
 Heap Min Capacity: 100M
 Heap Initial Capacity: 100M
 Heap Max Capacity: 512M
 Pre-touch: Disabled
 Parallel Workers: 1
Heap:
 PSYoungGen      total 53248K, used 31231K [0x00000000f5580000, 0x00000000fc300000, 0x0000000100000000)
  eden space 31232K, 99% used [0x00000000f5580000,0x00000000f73ffff8,0x00000000f7400000)
  from space 22016K, 0% used [0x00000000f9b00000,0x00000000f9b00000,0x00000000fb080000)
  to   space 39936K, 0% used [0x00000000f7400000,0x00000000f7400000,0x00000000f9b00000)
 ParOldGen       total 349696K, used 349696K [0x00000000e0000000, 0x00000000f5580000, 0x00000000f5580000)
  object space 349696K, 100% used [0x00000000e0000000,0x00000000f5580000,0x00000000f5580000)
 Metaspace       used 56868K, committed 57664K, reserved 1105920K
  class space    used 5647K, committed 5952K, reserved 1048576K
GC Heap History (20 events):
Event: 2735.993 GC heap before
{Heap before GC invocations=1367 (full 1267):
 PSYoungGen      total 53248K, used 31231K [0x00000000f5580000, 0x00000000fc300000, 0x0000000100000000)
  eden space 31232K, 99% used [0x00000000f5580000,0x00000000f73ffff8,0x00000000f7400000)
  from space 22016K, 0% used [0x00000000f9b00000,0x00000000f9b00000,0x00000000fb080000)
  to   space 39936K, 0% used [0x00000000f7400000,0x00000000f7400000,0x00000000f9b00000)
 ParOldGen       total 349696K, used 349695K [0x00000000e0000000, 0x00000000f5580000, 0x00000000f5580000)
  object space 349696K, 99% used [0x00000000e0000000,0x00000000f557fd48,0x00000000f5580000)
 Metaspace       used 56868K, committed 57664K, reserved 1105920K
  class space    used 5647K, committed 5952K, reserved 1048576K
}
Event: 2737.988 GC heap after
{Heap after GC invocations=1367 (full 1267):
 PSYoungGen      total 71168K, used 31231K [0x00000000f5580000, 0x00000000fc300000, 0x0000000100000000)
  eden space 31232K, 99% used [0x00000000f5580000,0x00000000f73fffe0,0x00000000f7400000)
  from space 39936K, 0% used [0x00000000f7400000,0x00000000f7400000,0x00000000f9b00000)
  to   space 22016K, 0% used [0x00000000f9b00000,0x00000000f9b00000,0x00000000fb080000)
 ParOldGen       total 349696K, used 349694K [0x00000000e0000000, 0x00000000f5580000, 0x00000000f5580000)
  object space 349696K, 99% used [0x00000000e0000000,0x00000000f557fbf0,0x00000000f5580000)
 Metaspace       used 56868K, committed 57664K, reserved 1105920K
  class space    used 5647K, committed 5952K, reserved 1048576K
}
Event: 2737.989 GC heap before
{Heap before GC invocations=1368 (full 1268):
 PSYoungGen      total 71168K, used 31232K [0x00000000f5580000, 0x00000000fc300000, 0x0000000100000000)
  eden space 31232K, 100% used [0x00000000f5580000,0x00000000f7400000,0x00000000f7400000)
  from space 39936K, 0% used [0x00000000f7400000,0x00000000f7400000,0x00000000f9b00000)
  to   space 22016K, 0% used [0x00000000f9b00000,0x00000000f9b00000,0x00000000fb080000)
 ParOldGen       total 349696K, used 349694K [0x00000000e0000000, 0x00000000f5580000, 0x00000000f5580000)
  object space 349696K, 99% used [0x00000000e0000000,0x00000000f557fbf0,0x00000000f5580000)
 Metaspace       used 56868K, committed 57664K, reserved 1105920K
  class space    used 5647K, committed 5952K, reserved 1048576K
}
Event: 2740.059 GC heap after
{Heap after GC invocations=1368 (full 1268):
 PSYoungGen      total 53248K, used 31232K [0x00000000f5580000, 0x00000000fc300000, 0x0000000100000000)
  eden space 31232K, 100% used [0x00000000f5580000,0x00000000f7400000,0x00000000f7400000)
  from space 22016K, 0% used [0x00000000f9b00000,0x00000000f9b00000,0x00000000fb080000)
  to   space 39936K, 0% used [0x00000000f7400000,0x00000000f7400000,0x00000000f9b00000)
 ParOldGen       total 349696K, used 349694K [0x00000000e0000000, 0x00000000f5580000, 0x00000000f5580000)
  object space 349696K, 99% used [0x00000000e0000000,0x00000000f557fbf0,0x00000000f5580000)
 Metaspace       used 56868K, committed 57664K, reserved 1105920K
  class space    used 5647K, committed 5952K, reserved 1048576K
}
Event: 2740.060 GC heap before
{Heap before GC invocations=1369 (full 1269):
 PSYoungGen      total 53248K, used 31232K [0x00000000f5580000, 0x00000000fc300000, 0x0000000100000000)
  eden space 31232K, 100% used [0x00000000f5580000,0x00000000f7400000,0x00000000f7400000)
  from space 22016K, 0% used [0x00000000f9b00000,0x00000000f9b00000,0x00000000fb080000)
  to   space 39936K, 0% used [0x00000000f7400000,0x00000000f7400000,0x00000000f9b00000)
 ParOldGen       total 349696K, used 349695K [0x00000000e0000000, 0x00000000f5580000, 0x00000000f5580000)
  object space 349696K, 99% used [0x00000000e0000000,0x00000000f557fff8,0x00000000f5580000)
 Metaspace       used 56868K, committed 57664K, reserved 1105920K
  class space    used 5647K, committed 5952K, reserved 1048576K
}
Event: 2742.174 GC heap after
{Heap after GC invocations=1369 (full 1269):
 PSYoungGen      total 71168K, used 31231K [0x00000000f5580000, 0x00000000fc300000, 0x0000000100000000)
  eden space 31232K, 99% used [0x00000000f5580000,0x00000000f73fffe0,0x00000000f7400000)
  from space 39936K, 0% used [0x00000000f7400000,0x00000000f7400000,0x00000000f9b00000)
  to   space 22016K, 0% used [0x00000000f9b00000,0x00000000f9b00000,0x00000000fb080000)
 ParOldGen       total 349696K, used 349694K [0x00000000e0000000, 0x00000000f5580000, 0x00000000f5580000)
  object space 349696K, 99% used [0x00000000e0000000,0x00000000f557fb28,0x00000000f5580000)
 Metaspace       used 56868K, committed 57664K, reserved 1105920K
  class space    used 5647K, committed 5952K, reserved 1048576K
}
Event: 2742.174 GC heap before
{Heap before GC invocations=1370 (full 1270):
 PSYoungGen      total 71168K, used 31232K [0x00000000f5580000, 0x00000000fc300000, 0x0000000100000000)
  eden space 31232K, 100% used [0x00000000f5580000,0x00000000f7400000,0x00000000f7400000)
  from space 39936K, 0% used [0x00000000f7400000,0x00000000f7400000,0x00000000f9b00000)
  to   space 22016K, 0% used [0x00000000f9b00000,0x00000000f9b00000,0x00000000fb080000)
 ParOldGen       total 349696K, used 349696K [0x00000000e0000000, 0x00000000f5580000, 0x00000000f5580000)
  object space 349696K, 100% used [0x00000000e0000000,0x00000000f5580000,0x00000000f5580000)
 Metaspace       used 56868K, committed 57664K, reserved 1105920K
  class space    used 5647K, committed 5952K, reserved 1048576K
}
Event: 2744.265 GC heap after
{Heap after GC invocations=1370 (full 1270):
 PSYoungGen      total 53248K, used 31232K [0x00000000f5580000, 0x00000000fc300000, 0x0000000100000000)
  eden space 31232K, 100% used [0x00000000f5580000,0x00000000f7400000,0x00000000f7400000)
  from space 22016K, 0% used [0x00000000f9b00000,0x00000000f9b00000,0x00000000fb080000)
  to   space 39936K, 0% used [0x00000000f7400000,0x00000000f7400000,0x00000000f9b00000)
 ParOldGen       total 349696K, used 349695K [0x00000000e0000000, 0x00000000f5580000, 0x00000000f5580000)
  object space 349696K, 99% used [0x00000000e0000000,0x00000000f557ff40,0x00000000f5580000)
 Metaspace       used 56868K, committed 57664K, reserved 1105920K
  class space    used 5647K, committed 5952K, reserved 1048576K
}
Event: 2744.265 GC heap before
{Heap before GC invocations=1371 (full 1271):
 PSYoungGen      total 53248K, used 31232K [0x00000000f5580000, 0x00000000fc300000, 0x0000000100000000)
  eden space 31232K, 100% used [0x00000000f5580000,0x00000000f7400000,0x00000000f7400000)
  from space 22016K, 0% used [0x00000000f9b00000,0x00000000f9b00000,0x00000000fb080000)
  to   space 39936K, 0% used [0x00000000f7400000,0x00000000f7400000,0x00000000f9b00000)
 ParOldGen       total 349696K, used 349696K [0x00000000e0000000, 0x00000000f5580000, 0x00000000f5580000)
  object space 349696K, 100% used [0x00000000e0000000,0x00000000f5580000,0x00000000f5580000)
 Metaspace       used 56868K, committed 57664K, reserved 1105920K
  class space    used 5647K, committed 5952K, reserved 1048576K
}
Event: 2746.388 GC heap after
{Heap after GC invocations=1371 (full 1271):
 PSYoungGen      total 71168K, used 31232K [0x00000000f5580000, 0x00000000fc300000, 0x0000000100000000)
  eden space 31232K, 100% used [0x00000000f5580000,0x00000000f7400000,0x00000000f7400000)
  from space 39936K, 0% used [0x00000000f7400000,0x00000000f7400000,0x00000000f9b00000)
  to   space 22016K, 0% used [0x00000000f9b00000,0x00000000f9b00000,0x00000000fb080000)
 ParOldGen       total 349696K, used 349695K [0x00000000e0000000, 0x00000000f5580000, 0x00000000f5580000)
  object space 349696K, 99% used [0x00000000e0000000,0x00000000f557ffc0,0x00000000f5580000)
 Metaspace       used 56868K, committed 57664K, reserved 1105920K
  class space    used 5647K, committed 5952K, reserved 1048576K
}
Event: 2746.389 GC heap before
{Heap before GC invocations=1372 (full 1272):
 PSYoungGen      total 71168K, used 31232K [0x00000000f5580000, 0x00000000fc300000, 0x0000000100000000)
  eden space 31232K, 100% used [0x00000000f5580000,0x00000000f7400000,0x00000000f7400000)
  from space 39936K, 0% used [0x00000000f7400000,0x00000000f7400000,0x00000000f9b00000)
  to   space 22016K, 0% used [0x00000000f9b00000,0x00000000f9b00000,0x00000000fb080000)
 ParOldGen       total 349696K, used 349695K [0x00000000e0000000, 0x00000000f5580000, 0x00000000f5580000)
  object space 349696K, 99% used [0x00000000e0000000,0x00000000f557ffd0,0x00000000f5580000)
 Metaspace       used 56868K, committed 57664K, reserved 1105920K
  class space    used 5647K, committed 5952K, reserved 1048576K
}
Event: 2748.274 GC heap after
{Heap after GC invocations=1372 (full 1272):
 PSYoungGen      total 53248K, used 31232K [0x00000000f5580000, 0x00000000fc300000, 0x0000000100000000)
  eden space 31232K, 100% used [0x00000000f5580000,0x00000000f7400000,0x00000000f7400000)
  from space 22016K, 0% used [0x00000000f9b00000,0x00000000f9b00000,0x00000000fb080000)
  to   space 39936K, 0% used [0x00000000f7400000,0x00000000f7400000,0x00000000f9b00000)
 ParOldGen       total 349696K, used 349695K [0x00000000e0000000, 0x00000000f5580000, 0x00000000f5580000)
  object space 349696K, 99% used [0x00000000e0000000,0x00000000f557ffb0,0x00000000f5580000)
 Metaspace       used 56868K, committed 57664K, reserved 1105920K
  class space    used 5647K, committed 5952K, reserved 1048576K
}
Event: 2748.276 GC heap before
{Heap before GC invocations=1373 (full 1273):
 PSYoungGen      total 53248K, used 31232K [0x00000000f5580000, 0x00000000fc300000, 0x0000000100000000)
  eden space 31232K, 100% used [0x00000000f5580000,0x00000000f7400000,0x00000000f7400000)
  from space 22016K, 0% used [0x00000000f9b00000,0x00000000f9b00000,0x00000000fb080000)
  to   space 39936K, 0% used [0x00000000f7400000,0x00000000f7400000,0x00000000f9b00000)
 ParOldGen       total 349696K, used 349695K [0x00000000e0000000, 0x00000000f5580000, 0x00000000f5580000)
  object space 349696K, 99% used [0x00000000e0000000,0x00000000f557ffe8,0x00000000f5580000)
 Metaspace       used 56868K, committed 57664K, reserved 1105920K
  class space    used 5647K, committed 5952K, reserved 1048576K
}
Event: 2750.380 GC heap after
{Heap after GC invocations=1373 (full 1273):
 PSYoungGen      total 71168K, used 31232K [0x00000000f5580000, 0x00000000fc300000, 0x0000000100000000)
  eden space 31232K, 100% used [0x00000000f5580000,0x00000000f7400000,0x00000000f7400000)
  from space 39936K, 0% used [0x00000000f7400000,0x00000000f7400000,0x00000000f9b00000)
  to   space 22016K, 0% used [0x00000000f9b00000,0x00000000f9b00000,0x00000000fb080000)
 ParOldGen       total 349696K, used 349695K [0x00000000e0000000, 0x00000000f5580000, 0x00000000f5580000)
  object space 349696K, 99% used [0x00000000e0000000,0x00000000f557ffe8,0x00000000f5580000)
 Metaspace       used 56868K, committed 57664K, reserved 1105920K
  class space    used 5647K, committed 5952K, reserved 1048576K
}
Event: 2750.380 GC heap before
{Heap before GC invocations=1374 (full 1274):
 PSYoungGen      total 71168K, used 31232K [0x00000000f5580000, 0x00000000fc300000, 0x0000000100000000)
  eden space 31232K, 100% used [0x00000000f5580000,0x00000000f7400000,0x00000000f7400000)
  from space 39936K, 0% used [0x00000000f7400000,0x00000000f7400000,0x00000000f9b00000)
  to   space 22016K, 0% used [0x00000000f9b00000,0x00000000f9b00000,0x00000000fb080000)
 ParOldGen       total 349696K, used 349695K [0x00000000e0000000, 0x00000000f5580000, 0x00000000f5580000)
  object space 349696K, 99% used [0x00000000e0000000,0x00000000f557ffe8,0x00000000f5580000)
 Metaspace       used 56868K, committed 57664K, reserved 1105920K
  class space    used 5647K, committed 5952K, reserved 1048576K
}
Event: 2752.283 GC heap after
{Heap after GC invocations=1374 (full 1274):
 PSYoungGen      total 53248K, used 31232K [0x00000000f5580000, 0x00000000fc300000, 0x0000000100000000)
  eden space 31232K, 100% used [0x00000000f5580000,0x00000000f7400000,0x00000000f7400000)
  from space 22016K, 0% used [0x00000000f9b00000,0x00000000f9b00000,0x00000000fb080000)
  to   space 39936K, 0% used [0x00000000f7400000,0x00000000f7400000,0x00000000f9b00000)
 ParOldGen       total 349696K, used 349695K [0x00000000e0000000, 0x00000000f5580000, 0x00000000f5580000)
  object space 349696K, 99% used [0x00000000e0000000,0x00000000f557ffe8,0x00000000f5580000)
 Metaspace       used 56868K, committed 57664K, reserved 1105920K
  class space    used 5647K, committed 5952K, reserved 1048576K
}
Event: 2752.284 GC heap before
{Heap before GC invocations=1375 (full 1275):
 PSYoungGen      total 53248K, used 31232K [0x00000000f5580000, 0x00000000fc300000, 0x0000000100000000)
  eden space 31232K, 100% used [0x00000000f5580000,0x00000000f7400000,0x00000000f7400000)
  from space 22016K, 0% used [0x00000000f9b00000,0x00000000f9b00000,0x00000000fb080000)
  to   space 39936K, 0% used [0x00000000f7400000,0x00000000f7400000,0x00000000f9b00000)
 ParOldGen       total 349696K, used 349695K [0x00000000e0000000, 0x00000000f5580000, 0x00000000f5580000)
  object space 349696K, 99% used [0x00000000e0000000,0x00000000f557ffe8,0x00000000f5580000)
 Metaspace       used 56868K, committed 57664K, reserved 1105920K
  class space    used 5647K, committed 5952K, reserved 1048576K
}
Event: 2754.496 GC heap after
{Heap after GC invocations=1375 (full 1275):
 PSYoungGen      total 71168K, used 31231K [0x00000000f5580000, 0x00000000fc300000, 0x0000000100000000)
  eden space 31232K, 99% used [0x00000000f5580000,0x00000000f73fffe0,0x00000000f7400000)
  from space 39936K, 0% used [0x00000000f7400000,0x00000000f7400000,0x00000000f9b00000)
  to   space 22016K, 0% used [0x00000000f9b00000,0x00000000f9b00000,0x00000000fb080000)
 ParOldGen       total 349696K, used 349695K [0x00000000e0000000, 0x00000000f5580000, 0x00000000f5580000)
  object space 349696K, 99% used [0x00000000e0000000,0x00000000f557fd18,0x00000000f5580000)
 Metaspace       used 56868K, committed 57664K, reserved 1105920K
  class space    used 5647K, committed 5952K, reserved 1048576K
}
Event: 2754.496 GC heap before
{Heap before GC invocations=1376 (full 1276):
 PSYoungGen      total 71168K, used 31231K [0x00000000f5580000, 0x00000000fc300000, 0x0000000100000000)
  eden space 31232K, 99% used [0x00000000f5580000,0x00000000f73fffe0,0x00000000f7400000)
  from space 39936K, 0% used [0x00000000f7400000,0x00000000f7400000,0x00000000f9b00000)
  to   space 22016K, 0% used [0x00000000f9b00000,0x00000000f9b00000,0x00000000fb080000)
 ParOldGen       total 349696K, used 349695K [0x00000000e0000000, 0x00000000f5580000, 0x00000000f5580000)
  object space 349696K, 99% used [0x00000000e0000000,0x00000000f557fd18,0x00000000f5580000)
 Metaspace       used 56868K, committed 57664K, reserved 1105920K
  class space    used 5647K, committed 5952K, reserved 1048576K
}
Event: 2756.560 GC heap after
{Heap after GC invocations=1376 (full 1276):
 PSYoungGen      total 53248K, used 31231K [0x00000000f5580000, 0x00000000fc300000, 0x0000000100000000)
  eden space 31232K, 99% used [0x00000000f5580000,0x00000000f73fffe0,0x00000000f7400000)
  from space 22016K, 0% used [0x00000000f9b00000,0x00000000f9b00000,0x00000000fb080000)
  to   space 39936K, 0% used [0x00000000f7400000,0x00000000f7400000,0x00000000f9b00000)
 ParOldGen       total 349696K, used 349695K [0x00000000e0000000, 0x00000000f5580000, 0x00000000f5580000)
  object space 349696K, 99% used [0x00000000e0000000,0x00000000f557fd18,0x00000000f5580000)
 Metaspace       used 56868K, committed 57664K, reserved 1105920K
  class space    used 5647K, committed 5952K, reserved 1048576K
}

